  MO Energies:
                  1
       1    -11.147860
       2     -0.942967
       3     -0.542950
       4     -0.542950
       5     -0.542949
       6      0.294774
       7      0.350296
       8      0.350296
       9      0.350298
      10      0.927377
      11      0.927378
      12      0.927379
      13      1.322308
      14      1.352162
      15      1.352163
      16      1.352163
      17      1.952824
  MO Coefficients:
                  1             2             3             4             5
       1      0.987105     -0.208629      0.000000      0.000000      0.000000
       2      0.099205      0.202000      0.000000      0.000000      0.000000
       3      0.000000      0.000000     -0.056989      0.276943     -0.243759
       4      0.000000      0.000000      0.203441      0.229350      0.213011
       5      0.000000      0.000000      0.307779     -0.100322     -0.185935
       6     -0.071633      0.614078      0.000000     -0.000001      0.000003
       7      0.000000      0.000000     -0.047446      0.230564     -0.202939
       8      0.000001      0.000000      0.169371      0.190942      0.177338
       9      0.000000      0.000001      0.256235     -0.083521     -0.154798
      10     -0.000495      0.122194      0.226543     -0.073843     -0.136859
      11      0.013922      0.022792      0.214245     -0.069833     -0.129428
      12     -0.000495      0.122194     -0.115063      0.216803     -0.123540
      13      0.013922      0.022793     -0.108815      0.205032     -0.116832
      14     -0.000496      0.122194     -0.178006     -0.209317      0.002182
      15      0.013923      0.022792     -0.168343     -0.197953      0.002061
      16     -0.000496      0.122193      0.066526      0.066358      0.258217
      17      0.013922      0.022792      0.062913      0.062754      0.244196
                  6             7             8             9            10
       1      0.179463      0.000000      0.000001      0.000001      0.000000
       2     -0.043256      0.000000      0.000000      0.000000      0.000000
       3      0.000000     -0.201398     -0.124730      0.129933     -0.357067
       4      0.000000      0.179351     -0.120990      0.161852      0.663352
       5     -0.000001     -0.016534      0.206893      0.172982     -0.065881
       6     -2.500178     -0.000004     -0.000010     -0.000010     -0.000002
       7      0.000001     -1.058699     -0.655677      0.683021      0.591355
       8     -0.000002      0.942802     -0.636016      0.850813     -1.098604
       9     -0.000008     -0.086915      1.087587      0.909325      0.109110
      10     -0.003585      0.005125     -0.064131     -0.053620     -0.056714
      11      0.947049      0.109630     -1.371813     -1.146965      0.001473
      12     -0.003585      0.057150      0.057829     -0.020099     -0.270894
      13      0.947035      1.222466      1.237010     -0.429925      0.007034
      14     -0.003585      0.014255     -0.027471      0.077823     -0.302445
      15      0.947035      0.304927     -0.587610      1.664688      0.007853
      16     -0.003585     -0.076530      0.033773     -0.004105      0.630055
      17      0.947040     -1.637018      0.722429     -0.087782     -0.016359
                 11            12            13            14            15
       1      0.000000      0.000000     -0.127958      0.000000      0.000000
       2      0.000000      0.000000      0.143632      0.000001     -0.000002
       3      0.059579      0.663947     -0.000006      0.226235     -0.632322
       4     -0.042682      0.360578      0.000005      0.698640     -0.143089
       5     -0.752664      0.032109     -0.000008      0.436701      0.556494
       6     -0.000001      0.000000      0.270330     -0.000001      0.000004
       7     -0.098670     -1.099590      0.000008     -0.258074      0.721307
       8      0.070687     -0.597169     -0.000006     -0.796960      0.163225
       9      1.246518     -0.053179      0.000011     -0.498156     -0.634807
      10     -0.647919      0.027640     -0.668290     -0.478208     -0.609386
      11      0.016822     -0.000715      0.260984      0.720085      0.917612
      12      0.264330      0.529649     -0.668291     -0.074168      0.855947
      13     -0.006864     -0.013753      0.260989      0.111682     -1.288889
      14      0.221797     -0.532085     -0.668296      0.900842     -0.251218
      15     -0.005758      0.013814      0.260996     -1.356492      0.378283
      16      0.161797     -0.025206     -0.668301     -0.348471      0.004654
      17     -0.004201      0.000656      0.261007      0.524727     -0.007009
                 16            17
       1     -0.000001     -0.015672
       2      0.000006     -1.999221
       3      0.528184      0.000003
       4     -0.470549     -0.000001
       5      0.479163      0.000001
       6     -0.000004      3.879581
       7     -0.602517     -0.000005
       8      0.536770      0.000001
       9     -0.546595     -0.000002
      10     -0.524712     -0.143196
      11      0.790107     -0.763814
      12     -0.370410     -0.143197
      13      0.557761     -0.763813
      14      0.026832     -0.143193
      15     -0.040409     -0.763820
      16      0.868264     -0.143191
      17     -1.307444     -0.763824
  density matrix:
                  1             2             3             4             5
       1      2.035804      0.111566      0.000000      0.000000      0.000000
       2      0.111566      0.101291      0.000000      0.000000      0.000000
       3      0.000000      0.000000      0.278727      0.000000      0.000000
       4      0.000000      0.000000      0.000000      0.278727      0.000000
       5      0.000000      0.000000      0.000000      0.000000      0.278728
       6     -0.397648      0.233875     -0.000001      0.000001     -0.000001
       7      0.000000      0.000000      0.232051     -0.000001      0.000000
       8      0.000001      0.000000      0.000000      0.232049      0.000000
       9      0.000001      0.000000      0.000000     -0.000001      0.232050
      10     -0.051965      0.049268      0.000000      0.000000      0.205160
      11      0.017974      0.011970      0.000000      0.000001      0.194022
      12     -0.051964      0.049268      0.193427      0.000000     -0.068387
      13      0.017975      0.011971      0.182925      0.000001     -0.064674
      14     -0.051965      0.049268     -0.096713     -0.167512     -0.068387
      15      0.017977      0.011971     -0.091461     -0.158419     -0.064673
      16     -0.051966      0.049268     -0.096713      0.167512     -0.068387
      17      0.017974      0.011970     -0.091462      0.158416     -0.064673
                  6             7             8             9            10
       1     -0.397648      0.000000      0.000001      0.000001     -0.051965
       2      0.233875      0.000000      0.000000      0.000000      0.049268
       3     -0.000001      0.232051      0.000000      0.000000      0.000000
       4      0.000001     -0.000001      0.232049     -0.000001      0.000000
       5     -0.000001      0.000000      0.000000      0.232050      0.205160
       6      0.764447     -0.000002      0.000000      0.000000      0.150144
       7     -0.000002      0.193191     -0.000001      0.000001      0.000000
       8      0.000000     -0.000001      0.193189     -0.000001      0.000000
       9      0.000000      0.000001     -0.000001      0.193189      0.170802
      10      0.150144      0.000000      0.000000      0.170802      0.180873
      11      0.025997      0.000000      0.000001      0.161529      0.148368
      12      0.150143      0.161034      0.000000     -0.056934     -0.020474
      13      0.025998      0.152291      0.000001     -0.053843     -0.042047
      14      0.150145     -0.080517     -0.139459     -0.056934     -0.020473
      15      0.025998     -0.076144     -0.131889     -0.053842     -0.042047
      16      0.150145     -0.080518      0.139460     -0.056935     -0.020474
      17      0.025999     -0.076146      0.131887     -0.053843     -0.042047
                 11            12            13            14            15
       1      0.017974     -0.051964      0.017975     -0.051965      0.017977
       2      0.011970      0.049268      0.011971      0.049268      0.011971
       3      0.000000      0.193427      0.182925     -0.096713     -0.091461
       4      0.000001      0.000000      0.000001     -0.167512     -0.158419
       5      0.194022     -0.068387     -0.064674     -0.068387     -0.064673
       6      0.025997      0.150143      0.025998      0.150145      0.025998
       7      0.000000      0.161034      0.152291     -0.080517     -0.076144
       8      0.000001      0.000000      0.000001     -0.139459     -0.131889
       9      0.161529     -0.056934     -0.053843     -0.056934     -0.053842
      10      0.148368     -0.020474     -0.042047     -0.020473     -0.042047
      11      0.136485     -0.042048     -0.043593     -0.042048     -0.043593
      12     -0.042048      0.180873      0.148367     -0.020473     -0.042046
      13     -0.043593      0.148367      0.136484     -0.042047     -0.043592
      14     -0.042048     -0.020473     -0.042047      0.180873      0.148368
      15     -0.043593     -0.042046     -0.043592      0.148368      0.136485
      16     -0.042047     -0.020474     -0.042047     -0.020474     -0.042049
      17     -0.043592     -0.042047     -0.043592     -0.042047     -0.043594
                 16            17
       1     -0.051966      0.017974
       2      0.049268      0.011970
       3     -0.096713     -0.091462
       4      0.167512      0.158416
       5     -0.068387     -0.064673
       6      0.150145      0.025999
       7     -0.080518     -0.076146
       8      0.139460      0.131887
       9     -0.056935     -0.053843
      10     -0.020474     -0.042047
      11     -0.042047     -0.043592
      12     -0.020474     -0.042047
      13     -0.042047     -0.043592
      14     -0.020474     -0.042047
      15     -0.042049     -0.043594
      16      0.180873      0.148367
      17      0.148367      0.136482
  One-electron energy contribution =    -79.38492    
  Two-electron energy contribution =     25.97283    
  tr(PS) = <PS> =     9.999993    
